lightwallet-client-lib/build/intermediates/manifest_merge_blame_file/debug/manifest-merger-blame-debug-report.txt
1<?xml version="1.0" encoding="utf-8"?>
2<manifest xmlns:android="http://schemas.android.com/apk/res/android"
3    package="cash.z.wallet.sdk.rpc" >
4
5    <uses-sdk android:minSdkVersion="1" />
6
7    <uses-permission android:name="android.permission.INTERNET" />
7-->src/main/AndroidManifest.xml:2:5-67
7-->src/main/AndroidManifest.xml:2:22-64
8    <uses-permission android:name="android.permission.ACCESS_NETWORK_STATE" />
8-->src/main/AndroidManifest.xml:3:5-79
8-->src/main/AndroidManifest.xml:3:22-76
9
10</manifest>